2023-11-21 12:01:33 - verbose: Arguments:
2023-11-21 12:01:33 - verbose:   D:\AppData\cocos\editors\Creator\Creator\3.7.4\CocosCreator.exe: true
2023-11-21 12:01:33 - verbose:   project: E:\Cocos\Project\ROYALTEENPATTI
2023-11-21 12:01:33 - verbose:   can-show-upgrade-dialog: true
2023-11-21 12:01:33 - verbose:   dev: false
2023-11-21 12:01:33 - verbose:   home: C:\Users\admin\.CocosCreator
2023-11-21 12:01:33 - verbose:  
2023-11-21 12:01:37 - verbose: [Package] menu@1.0.0 enable
2023-11-21 12:01:37 - verbose: [Package] profile@1.0.0 enable
2023-11-21 12:01:37 - verbose: [Package] project@1.0.4 enable
2023-11-21 12:01:37 - verbose: [Package] messages@1.0.0 enable
2023-11-21 12:01:38 - verbose: [Package] program@1.0.3 enable
2023-11-21 12:01:38 - verbose: [Package] tester@1.0.0 enable
2023-11-21 12:01:38 - verbose: [Package] information@1.0.0 enable
2023-11-21 12:01:38 - verbose: [Package] preferences@1.0.0 enable
2023-11-21 12:01:40 - log: Load engine in D:\AppData\cocos\editors\Creator\Creator\3.7.4\resources\resources\3d\engine
2023-11-21 12:01:40 - log: Profile changed: engine (modules.includeModules: 2d,animation,audio,base,dragon-bones,gfx-webgl,gfx-webgl2,intersection-2d,particle-2d,physics-2d-box2d,profiler,spine,tiled-map,tween,ui,video,webview)
2023-11-21 12:01:40 - log: Register native engine in D:\AppData\cocos\editors\Creator\Creator\3.7.4\resources\resources\3d\engine\native
2023-11-21 12:01:40 - verbose: [Package] engine@1.0.7 enable
2023-11-21 12:01:41 - verbose: [Package] programming@1.0.0 enable
2023-11-21 12:01:41 - verbose: [Package] device@1.0.1 enable
2023-11-21 12:01:41 - verbose: [Package] ui-kit@1.0.1 enable
2023-11-21 12:01:41 - verbose: [Package] asset-db@1.0.0 enable
2023-11-21 12:01:41 - verbose: [Package] scene@1.0.0 enable
2023-11-21 12:01:41 - verbose: [Package] server@1.0.0 enable
2023-11-21 12:01:41 - verbose: [Package] utils@1.0.0 enable
2023-11-21 12:01:46 - verbose: [Package] preview@1.0.1 enable
2023-11-21 12:01:46 - verbose: [Package] animator@1.0.0 enable
2023-11-21 12:01:46 - verbose: [Build-plugin] register pkg scene: 1ms
2023-11-21 12:01:46 - verbose: Builder PluginManager init: 1ms
2023-11-21 12:01:46 - verbose: [Package] builder@1.3.5 enable
2023-11-21 12:01:46 - verbose: [Package] shortcuts@1.0.1 enable
2023-11-21 12:01:46 - verbose: [Package] animation-graph@1.0.0 enable
2023-11-21 12:01:46 - verbose: [Package] about@1.0.0 enable
2023-11-21 12:01:46 - verbose: [Package] assets@1.0.0 enable
2023-11-21 12:01:47 - verbose: [Package] console@1.0.0 enable
2023-11-21 12:01:47 - verbose: [Package] crash-reporter@1.0.0 enable
2023-11-21 12:01:47 - verbose: [Package] extension@3.1.1 enable
2023-11-21 12:01:47 - verbose: [Package] hierarchy@1.0.0 enable
2023-11-21 12:01:47 - verbose: [Package] inspector@1.0.0 enable
2023-11-21 12:01:47 - verbose: [Package] light-probe@1.0.4 enable
2023-11-21 12:01:47 - verbose: [Package] lightmap@1.0.4 enable
2023-11-21 12:01:47 - verbose: [Package] node-library@1.0.1 enable
2023-11-21 12:01:47 - verbose: [Package] package-asset@1.0.1 enable
2023-11-21 12:01:47 - verbose: [Package] process@1.0.0 enable
2023-11-21 12:01:47 - verbose: [Package] reference-image@1.0.0 enable
2023-11-21 12:01:47 - verbose: [Package] cocos-service@3.0.7 enable
2023-11-21 12:01:47 - verbose: [Build-plugin] register pkg cocos-service: 25ms
2023-11-21 12:01:47 - verbose: [Package] reflection-probe@1.0.4 enable
2023-11-21 12:01:47 - verbose: [Package] engine-extends@1.0.0 enable
2023-11-21 12:01:47 - verbose: [Package] alipay-mini-game@1.0.1 enable
2023-11-21 12:01:47 - verbose: [Package] android@1.0.1 enable
2023-11-21 12:01:48 - verbose: [Package] bytedance-mini-game@1.0.2 enable
2023-11-21 12:01:48 - verbose: [Package] certificate@1.0.0 enable
2023-11-21 12:01:48 - verbose: [Package] channel-upload-tools@1.0.0 enable
2023-11-21 12:01:48 - verbose: [Package] fb-instant-games@1.0.0 enable
2023-11-21 12:01:48 - verbose: [Package] huawei-agc@1.0.0 enable
2023-11-21 12:01:48 - verbose: [Package] huawei-quick-game@1.0.1 enable
2023-11-21 12:01:48 - verbose: [Build-plugin] register pkg alipay-mini-game: 194ms
2023-11-21 12:01:48 - verbose: [Package] ios@1.0.0 enable
2023-11-21 12:01:48 - verbose: [Build-plugin] register pkg android: 197ms
2023-11-21 12:01:48 - verbose: [Package] linux@1.0.0 enable
2023-11-21 12:01:48 - verbose: [Package] mac@1.0.0 enable
2023-11-21 12:01:48 - verbose: [Build-plugin] register pkg bytedance-mini-game: 192ms
2023-11-21 12:01:48 - verbose: [Package] native@1.0.2 enable
2023-11-21 12:01:48 - verbose: [Build-plugin] register pkg native: 29ms
2023-11-21 12:01:48 - verbose: [Package] ohos@1.0.0 enable
2023-11-21 12:01:48 - verbose: [Build-plugin] register pkg huawei-agc: 185ms
2023-11-21 12:01:48 - verbose: [Package] open-harmonyos@1.0.0 enable
2023-11-21 12:01:48 - verbose: [Package] oppo-mini-game@1.0.1 enable
2023-11-21 12:01:48 - verbose: [Build-plugin] register pkg huawei-quick-game: 211ms
2023-11-21 12:01:48 - verbose: [Build-plugin] register pkg ios: 188ms
2023-11-21 12:01:48 - verbose: [Build-plugin] register pkg fb-instant-games: 264ms
2023-11-21 12:01:48 - verbose: [Package] runtime-dev-tools@1.0.0 enable
2023-11-21 12:01:48 - verbose: [Package] taobao-creative-app@1.0.0 enable
2023-11-21 12:01:48 - verbose: [Build-plugin] register pkg mac: 203ms
2023-11-21 12:01:48 - verbose: [Package] taobao-mini-game@1.0.0 enable
2023-11-21 12:01:48 - verbose: [Package] vivo-mini-game@1.0.1 enable
2023-11-21 12:01:48 - verbose: [Package] web-desktop@1.0.1 enable
2023-11-21 12:01:48 - verbose: [Build-plugin] register pkg ohos: 184ms
2023-11-21 12:01:48 - verbose: [Build-plugin] register pkg oppo-mini-game: 142ms
2023-11-21 12:01:48 - verbose: [Package] web-mobile@1.0.1 enable
2023-11-21 12:01:48 - verbose: [Package] wechatgame@1.0.2 enable
2023-11-21 12:01:48 - verbose: [Build-plugin] register pkg taobao-creative-app: 150ms
2023-11-21 12:01:48 - verbose: [Package] wechatprogram@1.0.2 enable
2023-11-21 12:01:48 - verbose: [Package] windows@1.0.1 enable
2023-11-21 12:01:48 - verbose: [Build-plugin] register pkg vivo-mini-game: 152ms
2023-11-21 12:01:48 - verbose: [Package] xiaomi-quick-game@1.0.1 enable
2023-11-21 12:01:48 - verbose: [Build-plugin] register pkg web-desktop: 154ms
2023-11-21 12:01:48 - verbose: [Package] im-plugin@3.0.10 enable
2023-11-21 12:01:48 - verbose: [Build-plugin] register pkg web-mobile: 292ms
2023-11-21 12:01:48 - verbose: [Build-plugin] register pkg taobao-mini-game: 379ms
2023-11-21 12:01:48 - verbose: [Build-plugin] register pkg wechatgame: 268ms
2023-11-21 12:01:48 - verbose: [Package] placeholder@1.0.0 enable
2023-11-21 12:01:48 - verbose: asset-db is ready!
2023-11-21 12:01:48 - verbose: [Build-plugin] register pkg windows: 306ms
2023-11-21 12:01:48 - verbose: [Build-plugin] register pkg xiaomi-quick-game: 298ms
2023-11-21 12:01:51 - info: [Scene] [Physics][Bullet]: Using asmjs Bullet libs.
2023-11-21 12:01:52 - info: [Scene] [PHYSICS]: using builtin.
2023-11-21 12:01:52 - log: [Scene] Cocos Creator v3.7.4
2023-11-21 12:01:52 - info: [Scene] Forward render pipeline initialized.
2023-11-21 12:01:52 - info: [Scene] [PHYSICS2D]: switch from builtin to box2d.
