debug: Tue, 21 Nov 2023 04:01:46 GMT
debug: Project: E:\Cocos\Project\ROYALTEENPATTI
debug: Targets: editor,preview
debug: Incremental file seems great.
debug: Engine path: D:\AppData\cocos\editors\Creator\Creator\3.7.4\resources\resources\3d\engine
debug: Initializing target [Editor]
debug: Loading cache
debug: Loading cache costs 30.04990000091493ms.
debug: Engine features shipped in editor: base,gfx-webgl,gfx-webgl2,gfx-empty,3d,animation,skeletal-animation,2d,ui,particle,particle-2d,physics-framework,physics-2d-framework,intersection-2d,primitive,profiler,occlusion-query,geometry-renderer,debug-renderer,audio,video,xr,light-probe,terrain,webview,tween,tiled-map,spine,dragon-bones,marionette,custom-pipeline,websocket,websocket-server
debug: Our import map(foo:/bar): {
  "imports": {
    "cc": "cce:/internal/x/cc"
  }
}
debug: Initializing target [Preview]
debug: Loading cache
debug: Loading cache costs 42.70060000009835ms.
debug: Our import map(foo:/bar): {
  "imports": {
    "cc": "cce:/internal/x/cc"
  }
}
debug: Sync engine features: 2d,animation,audio,base,dragon-bones,gfx-webgl,gfx-webgl2,intersection-2d,particle-2d,physics-2d-box2d,profiler,spine,tiled-map,tween,ui,video,webview
debug: Reset databases. Enumerated domains: [
  {
    "root": "db://internal/",
    "physical": "D:\\AppData\\cocos\\editors\\Creator\\Creator\\3.7.4\\resources\\resources\\3d\\engine\\editor\\assets"
  },
  {
    "root": "db://assets/",
    "physical": "E:\\Cocos\\Project\\ROYALTEENPATTI\\assets"
  }
]
debug: Our import map(foo:/bar): {
  "imports": {
    "cc": "cce:/internal/x/cc",
    "db://internal/": "file:///D:/AppData/cocos/editors/Creator/Creator/3.7.4/resources/resources/3d/engine/editor/assets/",
    "db://assets/": "file:///E:/Cocos/Project/ROYALTEENPATTI/assets/"
  }
}
debug: Our import map(foo:/bar): {
  "imports": {
    "cc": "cce:/internal/x/cc",
    "db://internal/": "file:///D:/AppData/cocos/editors/Creator/Creator/3.7.4/resources/resources/3d/engine/editor/assets/",
    "db://assets/": "file:///E:/Cocos/Project/ROYALTEENPATTI/assets/"
  }
}
debug: Pulling asset-db.
debug: Fetch asset-db cost: 6.67989999987185ms.
debug: Build iteration starts.
Number of accumulated asset changes: 17
Feature changed: false
debug: Target(editor) build started.
debug: Detected change: cce:/internal/x/cc. Last mtime: Thu Jan 01 1970 08:00:05 GMT+0800 (中国标准时间), Current mtime: Thu Jan 01 1970 08:00:06 GMT+0800 (中国标准时间)
debug: Inspect cce:/internal/x/cc
debug: Resolve cce:/internal/x/cc-fu/base from cce:/internal/x/cc as external dependency cce:/internal/x/cc-fu/base.
debug: Resolve cce:/internal/x/cc-fu/gfx-webgl from cce:/internal/x/cc as external dependency cce:/internal/x/cc-fu/gfx-webgl.
debug: Resolve cce:/internal/x/cc-fu/gfx-webgl2 from cce:/internal/x/cc as external dependency cce:/internal/x/cc-fu/gfx-webgl2.
debug: Resolve cce:/internal/x/cc-fu/gfx-empty from cce:/internal/x/cc as external dependency cce:/internal/x/cc-fu/gfx-empty.
debug: Resolve cce:/internal/x/cc-fu/3d from cce:/internal/x/cc as external dependency cce:/internal/x/cc-fu/3d.
debug: Resolve cce:/internal/x/cc-fu/animation from cce:/internal/x/cc as external dependency cce:/internal/x/cc-fu/animation.
debug: Resolve cce:/internal/x/cc-fu/skeletal-animation from cce:/internal/x/cc as external dependency cce:/internal/x/cc-fu/skeletal-animation.
debug: Resolve cce:/internal/x/cc-fu/2d from cce:/internal/x/cc as external dependency cce:/internal/x/cc-fu/2d.
debug: Resolve cce:/internal/x/cc-fu/sorting from cce:/internal/x/cc as external dependency cce:/internal/x/cc-fu/sorting.
debug: Resolve cce:/internal/x/cc-fu/ui from cce:/internal/x/cc as external dependency cce:/internal/x/cc-fu/ui.
debug: Resolve cce:/internal/x/cc-fu/particle from cce:/internal/x/cc as external dependency cce:/internal/x/cc-fu/particle.
debug: Resolve cce:/internal/x/cc-fu/particle-2d from cce:/internal/x/cc as external dependency cce:/internal/x/cc-fu/particle-2d.
debug: Resolve cce:/internal/x/cc-fu/physics-framework from cce:/internal/x/cc as external dependency cce:/internal/x/cc-fu/physics-framework.
debug: Resolve cce:/internal/x/cc-fu/physics-2d-framework from cce:/internal/x/cc as external dependency cce:/internal/x/cc-fu/physics-2d-framework.
debug: Resolve cce:/internal/x/cc-fu/intersection-2d from cce:/internal/x/cc as external dependency cce:/internal/x/cc-fu/intersection-2d.
debug: Resolve cce:/internal/x/cc-fu/primitive from cce:/internal/x/cc as external dependency cce:/internal/x/cc-fu/primitive.
debug: Resolve cce:/internal/x/cc-fu/profiler from cce:/internal/x/cc as external dependency cce:/internal/x/cc-fu/profiler.
debug: Resolve cce:/internal/x/cc-fu/geometry-renderer from cce:/internal/x/cc as external dependency cce:/internal/x/cc-fu/geometry-renderer.
debug: Resolve cce:/internal/x/cc-fu/audio from cce:/internal/x/cc as external dependency cce:/internal/x/cc-fu/audio.
debug: Resolve cce:/internal/x/cc-fu/video from cce:/internal/x/cc as external dependency cce:/internal/x/cc-fu/video.
debug: Resolve cce:/internal/x/cc-fu/xr from cce:/internal/x/cc as external dependency cce:/internal/x/cc-fu/xr.
debug: Resolve cce:/internal/x/cc-fu/light-probe from cce:/internal/x/cc as external dependency cce:/internal/x/cc-fu/light-probe.
debug: Resolve cce:/internal/x/cc-fu/terrain from cce:/internal/x/cc as external dependency cce:/internal/x/cc-fu/terrain.
debug: Resolve cce:/internal/x/cc-fu/webview from cce:/internal/x/cc as external dependency cce:/internal/x/cc-fu/webview.
debug: Resolve cce:/internal/x/cc-fu/tween from cce:/internal/x/cc as external dependency cce:/internal/x/cc-fu/tween.
debug: Resolve cce:/internal/x/cc-fu/tiled-map from cce:/internal/x/cc as external dependency cce:/internal/x/cc-fu/tiled-map.
debug: Resolve cce:/internal/x/cc-fu/spine from cce:/internal/x/cc as external dependency cce:/internal/x/cc-fu/spine.
debug: Resolve cce:/internal/x/cc-fu/dragon-bones from cce:/internal/x/cc as external dependency cce:/internal/x/cc-fu/dragon-bones.
debug: Resolve cce:/internal/x/cc-fu/custom-pipeline from cce:/internal/x/cc as external dependency cce:/internal/x/cc-fu/custom-pipeline.
debug: Detected change: cce:/internal/x/prerequisite-imports. Last mtime: Thu Jan 01 1970 10:22:16 GMT+0800 (中国标准时间), Current mtime: Thu Jan 01 1970 08:00:06 GMT+0800 (中国标准时间)
debug: Inspect cce:/internal/x/prerequisite-imports
debug: Resolve file:///D:/AppData/cocos/editors/Creator/Creator/3.7.4/resources/resources/3d/engine/editor/assets/tools/debug-view-runtime-control.ts from cce:/internal/x/prerequisite-imports as file:///D:/AppData/cocos/editors/Creator/Creator/3.7.4/resources/resources/3d/engine/editor/assets/tools/debug-view-runtime-control.ts.
debug: Resolve cc from file:///D:/AppData/cocos/editors/Creator/Creator/3.7.4/resources/resources/3d/engine/editor/assets/tools/debug-view-runtime-control.ts as cce:/internal/x/cc.
debug: Resolve cc from file:///D:/AppData/cocos/editors/Creator/Creator/3.7.4/resources/resources/3d/engine/editor/assets/tools/debug-view-runtime-control.ts as cce:/internal/x/cc.
debug: Resolve cc from file:///D:/AppData/cocos/editors/Creator/Creator/3.7.4/resources/resources/3d/engine/editor/assets/tools/debug-view-runtime-control.ts as cce:/internal/x/cc.
debug: Resolve file:///E:/Cocos/Project/ROYALTEENPATTI/assets/scripts/bases/Singleton.ts from cce:/internal/x/prerequisite-imports as file:///E:/Cocos/Project/ROYALTEENPATTI/assets/scripts/bases/Singleton.ts.
debug: Resolve cc from file:///E:/Cocos/Project/ROYALTEENPATTI/assets/scripts/bases/Singleton.ts as cce:/internal/x/cc.
debug: Resolve file:///E:/Cocos/Project/ROYALTEENPATTI/assets/scripts/commons/uiComponent/RecycleScroll.ts from cce:/internal/x/prerequisite-imports as file:///E:/Cocos/Project/ROYALTEENPATTI/assets/scripts/commons/uiComponent/RecycleScroll.ts.
debug: Resolve cc from file:///E:/Cocos/Project/ROYALTEENPATTI/assets/scripts/commons/uiComponent/RecycleScroll.ts as cce:/internal/x/cc.
debug: Resolve cc from file:///E:/Cocos/Project/ROYALTEENPATTI/assets/scripts/commons/uiComponent/RecycleScroll.ts as cce:/internal/x/cc.
debug: Resolve cc from file:///E:/Cocos/Project/ROYALTEENPATTI/assets/scripts/commons/uiComponent/RecycleScroll.ts as cce:/internal/x/cc.
debug: Resolve file:///E:/Cocos/Project/ROYALTEENPATTI/assets/scripts/manages/AudioMgr.ts from cce:/internal/x/prerequisite-imports as file:///E:/Cocos/Project/ROYALTEENPATTI/assets/scripts/manages/AudioMgr.ts.
debug: Resolve cce:/internal/code-quality/cr.mjs from file:///E:/Cocos/Project/ROYALTEENPATTI/assets/scripts/manages/AudioMgr.ts as cce:/internal/code-quality/cr.mjs.
debug: Detected change: cce:/internal/code-quality/cr.mjs. Last mtime: Mon Nov 20 2023 16:13:55 GMT+0800 (中国标准时间), Current mtime: Tue Nov 21 2023 12:01:40 GMT+0800 (中国标准时间)
debug: Inspect cce:/internal/code-quality/cr.mjs
debug: Resolve cc from file:///E:/Cocos/Project/ROYALTEENPATTI/assets/scripts/manages/AudioMgr.ts as cce:/internal/x/cc.
debug: Resolve cc from file:///E:/Cocos/Project/ROYALTEENPATTI/assets/scripts/manages/AudioMgr.ts as cce:/internal/x/cc.
debug: Resolve cc from file:///E:/Cocos/Project/ROYALTEENPATTI/assets/scripts/manages/AudioMgr.ts as cce:/internal/x/cc.
debug: Resolve ../bases/Singleton from file:///E:/Cocos/Project/ROYALTEENPATTI/assets/scripts/manages/AudioMgr.ts as file:///E:/Cocos/Project/ROYALTEENPATTI/assets/scripts/bases/Singleton.ts.
debug: Resolve ../tools/Appic from file:///E:/Cocos/Project/ROYALTEENPATTI/assets/scripts/manages/AudioMgr.ts as file:///E:/Cocos/Project/ROYALTEENPATTI/assets/scripts/tools/Appic.ts.
debug: Resolve cce:/internal/code-quality/cr.mjs from file:///E:/Cocos/Project/ROYALTEENPATTI/assets/scripts/tools/Appic.ts as cce:/internal/code-quality/cr.mjs.
debug: Resolve cc from file:///E:/Cocos/Project/ROYALTEENPATTI/assets/scripts/tools/Appic.ts as cce:/internal/x/cc.
debug: Resolve ../manages/DynamicAssetMgr from file:///E:/Cocos/Project/ROYALTEENPATTI/assets/scripts/tools/Appic.ts as file:///E:/Cocos/Project/ROYALTEENPATTI/assets/scripts/manages/DynamicAssetMgr.ts.
debug: Resolve cce:/internal/code-quality/cr.mjs from file:///E:/Cocos/Project/ROYALTEENPATTI/assets/scripts/manages/DynamicAssetMgr.ts as cce:/internal/code-quality/cr.mjs.
debug: Resolve cc from file:///E:/Cocos/Project/ROYALTEENPATTI/assets/scripts/manages/DynamicAssetMgr.ts as cce:/internal/x/cc.
debug: Resolve cc from file:///E:/Cocos/Project/ROYALTEENPATTI/assets/scripts/manages/DynamicAssetMgr.ts as cce:/internal/x/cc.
debug: Resolve cc from file:///E:/Cocos/Project/ROYALTEENPATTI/assets/scripts/manages/DynamicAssetMgr.ts as cce:/internal/x/cc.
debug: Resolve ../bases/Singleton from file:///E:/Cocos/Project/ROYALTEENPATTI/assets/scripts/manages/DynamicAssetMgr.ts as file:///E:/Cocos/Project/ROYALTEENPATTI/assets/scripts/bases/Singleton.ts.
debug: Resolve ../manages/GameMgr from file:///E:/Cocos/Project/ROYALTEENPATTI/assets/scripts/tools/Appic.ts as file:///E:/Cocos/Project/ROYALTEENPATTI/assets/scripts/manages/GameMgr.ts.
debug: Resolve cce:/internal/code-quality/cr.mjs from file:///E:/Cocos/Project/ROYALTEENPATTI/assets/scripts/manages/GameMgr.ts as cce:/internal/code-quality/cr.mjs.
debug: Resolve cc from file:///E:/Cocos/Project/ROYALTEENPATTI/assets/scripts/manages/GameMgr.ts as cce:/internal/x/cc.
debug: Resolve cc from file:///E:/Cocos/Project/ROYALTEENPATTI/assets/scripts/manages/GameMgr.ts as cce:/internal/x/cc.
debug: Resolve cc from file:///E:/Cocos/Project/ROYALTEENPATTI/assets/scripts/manages/GameMgr.ts as cce:/internal/x/cc.
debug: Resolve ../bases/Singleton from file:///E:/Cocos/Project/ROYALTEENPATTI/assets/scripts/manages/GameMgr.ts as file:///E:/Cocos/Project/ROYALTEENPATTI/assets/scripts/bases/Singleton.ts.
debug: Resolve ../tools/Appic from file:///E:/Cocos/Project/ROYALTEENPATTI/assets/scripts/manages/GameMgr.ts as file:///E:/Cocos/Project/ROYALTEENPATTI/assets/scripts/tools/Appic.ts.
debug: Resolve ./AudioMgr from file:///E:/Cocos/Project/ROYALTEENPATTI/assets/scripts/manages/GameMgr.ts as file:///E:/Cocos/Project/ROYALTEENPATTI/assets/scripts/manages/AudioMgr.ts.
debug: Resolve ../tools/enumes from file:///E:/Cocos/Project/ROYALTEENPATTI/assets/scripts/manages/GameMgr.ts as file:///E:/Cocos/Project/ROYALTEENPATTI/assets/scripts/tools/enumes.ts.
debug: Resolve cc from file:///E:/Cocos/Project/ROYALTEENPATTI/assets/scripts/tools/enumes.ts as cce:/internal/x/cc.
debug: Resolve ../tools/Until from file:///E:/Cocos/Project/ROYALTEENPATTI/assets/scripts/manages/GameMgr.ts as file:///E:/Cocos/Project/ROYALTEENPATTI/assets/scripts/tools/Until.ts.
debug: Resolve cc from file:///E:/Cocos/Project/ROYALTEENPATTI/assets/scripts/tools/Until.ts as cce:/internal/x/cc.
debug: Resolve cc from file:///E:/Cocos/Project/ROYALTEENPATTI/assets/scripts/tools/Until.ts as cce:/internal/x/cc.
debug: Resolve cc from file:///E:/Cocos/Project/ROYALTEENPATTI/assets/scripts/tools/Until.ts as cce:/internal/x/cc.
debug: Resolve ./EveMgr from file:///E:/Cocos/Project/ROYALTEENPATTI/assets/scripts/manages/GameMgr.ts as file:///E:/Cocos/Project/ROYALTEENPATTI/assets/scripts/manages/EveMgr.ts.
debug: Resolve cc from file:///E:/Cocos/Project/ROYALTEENPATTI/assets/scripts/manages/EveMgr.ts as cce:/internal/x/cc.
debug: Resolve cc from file:///E:/Cocos/Project/ROYALTEENPATTI/assets/scripts/manages/EveMgr.ts as cce:/internal/x/cc.
debug: Resolve cc from file:///E:/Cocos/Project/ROYALTEENPATTI/assets/scripts/manages/EveMgr.ts as cce:/internal/x/cc.
debug: Resolve ../manages/ResMgr from file:///E:/Cocos/Project/ROYALTEENPATTI/assets/scripts/tools/Appic.ts as file:///E:/Cocos/Project/ROYALTEENPATTI/assets/scripts/manages/ResMgr.ts.
debug: Resolve cce:/internal/code-quality/cr.mjs from file:///E:/Cocos/Project/ROYALTEENPATTI/assets/scripts/manages/ResMgr.ts as cce:/internal/code-quality/cr.mjs.
debug: Resolve cc from file:///E:/Cocos/Project/ROYALTEENPATTI/assets/scripts/manages/ResMgr.ts as cce:/internal/x/cc.
debug: Resolve cc from file:///E:/Cocos/Project/ROYALTEENPATTI/assets/scripts/manages/ResMgr.ts as cce:/internal/x/cc.
debug: Resolve cc from file:///E:/Cocos/Project/ROYALTEENPATTI/assets/scripts/manages/ResMgr.ts as cce:/internal/x/cc.
debug: Resolve ../bases/Singleton from file:///E:/Cocos/Project/ROYALTEENPATTI/assets/scripts/manages/ResMgr.ts as file:///E:/Cocos/Project/ROYALTEENPATTI/assets/scripts/bases/Singleton.ts.
debug: Resolve file:///E:/Cocos/Project/ROYALTEENPATTI/assets/scripts/manages/DynamicAssetMgr.ts from cce:/internal/x/prerequisite-imports as file:///E:/Cocos/Project/ROYALTEENPATTI/assets/scripts/manages/DynamicAssetMgr.ts.
debug: Resolve file:///E:/Cocos/Project/ROYALTEENPATTI/assets/scripts/manages/EveMgr.ts from cce:/internal/x/prerequisite-imports as file:///E:/Cocos/Project/ROYALTEENPATTI/assets/scripts/manages/EveMgr.ts.
debug: Resolve file:///E:/Cocos/Project/ROYALTEENPATTI/assets/scripts/manages/GameMgr.ts from cce:/internal/x/prerequisite-imports as file:///E:/Cocos/Project/ROYALTEENPATTI/assets/scripts/manages/GameMgr.ts.
debug: Resolve file:///E:/Cocos/Project/ROYALTEENPATTI/assets/scripts/manages/ResMgr.ts from cce:/internal/x/prerequisite-imports as file:///E:/Cocos/Project/ROYALTEENPATTI/assets/scripts/manages/ResMgr.ts.
debug: Resolve file:///E:/Cocos/Project/ROYALTEENPATTI/assets/scripts/module/Hall/ScrollItem.ts from cce:/internal/x/prerequisite-imports as file:///E:/Cocos/Project/ROYALTEENPATTI/assets/scripts/module/Hall/ScrollItem.ts.
debug: Resolve cc from file:///E:/Cocos/Project/ROYALTEENPATTI/assets/scripts/module/Hall/ScrollItem.ts as cce:/internal/x/cc.
debug: Resolve cc from file:///E:/Cocos/Project/ROYALTEENPATTI/assets/scripts/module/Hall/ScrollItem.ts as cce:/internal/x/cc.
debug: Resolve cc from file:///E:/Cocos/Project/ROYALTEENPATTI/assets/scripts/module/Hall/ScrollItem.ts as cce:/internal/x/cc.
debug: Resolve file:///E:/Cocos/Project/ROYALTEENPATTI/assets/scripts/module/HallScene.ts from cce:/internal/x/prerequisite-imports as file:///E:/Cocos/Project/ROYALTEENPATTI/assets/scripts/module/HallScene.ts.
debug: Resolve cce:/internal/code-quality/cr.mjs from file:///E:/Cocos/Project/ROYALTEENPATTI/assets/scripts/module/HallScene.ts as cce:/internal/code-quality/cr.mjs.
debug: Resolve cc from file:///E:/Cocos/Project/ROYALTEENPATTI/assets/scripts/module/HallScene.ts as cce:/internal/x/cc.
debug: Resolve cc from file:///E:/Cocos/Project/ROYALTEENPATTI/assets/scripts/module/HallScene.ts as cce:/internal/x/cc.
debug: Resolve cc from file:///E:/Cocos/Project/ROYALTEENPATTI/assets/scripts/module/HallScene.ts as cce:/internal/x/cc.
debug: Resolve ../tools/Appic from file:///E:/Cocos/Project/ROYALTEENPATTI/assets/scripts/module/HallScene.ts as file:///E:/Cocos/Project/ROYALTEENPATTI/assets/scripts/tools/Appic.ts.
debug: Resolve ../tools/Until from file:///E:/Cocos/Project/ROYALTEENPATTI/assets/scripts/module/HallScene.ts as file:///E:/Cocos/Project/ROYALTEENPATTI/assets/scripts/tools/Until.ts.
debug: Resolve ../manages/GameMgr from file:///E:/Cocos/Project/ROYALTEENPATTI/assets/scripts/module/HallScene.ts as file:///E:/Cocos/Project/ROYALTEENPATTI/assets/scripts/manages/GameMgr.ts.
debug: Resolve file:///E:/Cocos/Project/ROYALTEENPATTI/assets/scripts/module/LoginScene.ts from cce:/internal/x/prerequisite-imports as file:///E:/Cocos/Project/ROYALTEENPATTI/assets/scripts/module/LoginScene.ts.
debug: Resolve cce:/internal/code-quality/cr.mjs from file:///E:/Cocos/Project/ROYALTEENPATTI/assets/scripts/module/LoginScene.ts as cce:/internal/code-quality/cr.mjs.
debug: Resolve cc from file:///E:/Cocos/Project/ROYALTEENPATTI/assets/scripts/module/LoginScene.ts as cce:/internal/x/cc.
debug: Resolve cc from file:///E:/Cocos/Project/ROYALTEENPATTI/assets/scripts/module/LoginScene.ts as cce:/internal/x/cc.
debug: Resolve cc from file:///E:/Cocos/Project/ROYALTEENPATTI/assets/scripts/module/LoginScene.ts as cce:/internal/x/cc.
debug: Resolve ../tools/Appic from file:///E:/Cocos/Project/ROYALTEENPATTI/assets/scripts/module/LoginScene.ts as file:///E:/Cocos/Project/ROYALTEENPATTI/assets/scripts/tools/Appic.ts.
debug: Resolve ../manages/AudioMgr from file:///E:/Cocos/Project/ROYALTEENPATTI/assets/scripts/module/LoginScene.ts as file:///E:/Cocos/Project/ROYALTEENPATTI/assets/scripts/manages/AudioMgr.ts.
debug: Resolve ../tools/enumes from file:///E:/Cocos/Project/ROYALTEENPATTI/assets/scripts/module/LoginScene.ts as file:///E:/Cocos/Project/ROYALTEENPATTI/assets/scripts/tools/enumes.ts.
debug: Resolve ../manages/EveMgr from file:///E:/Cocos/Project/ROYALTEENPATTI/assets/scripts/module/LoginScene.ts as file:///E:/Cocos/Project/ROYALTEENPATTI/assets/scripts/manages/EveMgr.ts.
debug: Resolve file:///E:/Cocos/Project/ROYALTEENPATTI/assets/scripts/tools/Appic.ts from cce:/internal/x/prerequisite-imports as file:///E:/Cocos/Project/ROYALTEENPATTI/assets/scripts/tools/Appic.ts.
debug: Resolve file:///E:/Cocos/Project/ROYALTEENPATTI/assets/scripts/tools/NativeJSBridgeIns.ts from cce:/internal/x/prerequisite-imports as file:///E:/Cocos/Project/ROYALTEENPATTI/assets/scripts/tools/NativeJSBridgeIns.ts.
debug: Resolve cce:/internal/code-quality/cr.mjs from file:///E:/Cocos/Project/ROYALTEENPATTI/assets/scripts/tools/NativeJSBridgeIns.ts as cce:/internal/code-quality/cr.mjs.
debug: Resolve cc from file:///E:/Cocos/Project/ROYALTEENPATTI/assets/scripts/tools/NativeJSBridgeIns.ts as cce:/internal/x/cc.
debug: Resolve cc from file:///E:/Cocos/Project/ROYALTEENPATTI/assets/scripts/tools/NativeJSBridgeIns.ts as cce:/internal/x/cc.
debug: Resolve cc from file:///E:/Cocos/Project/ROYALTEENPATTI/assets/scripts/tools/NativeJSBridgeIns.ts as cce:/internal/x/cc.
debug: Resolve ../manages/EveMgr from file:///E:/Cocos/Project/ROYALTEENPATTI/assets/scripts/tools/NativeJSBridgeIns.ts as file:///E:/Cocos/Project/ROYALTEENPATTI/assets/scripts/manages/EveMgr.ts.
debug: Resolve ./enumes from file:///E:/Cocos/Project/ROYALTEENPATTI/assets/scripts/tools/NativeJSBridgeIns.ts as file:///E:/Cocos/Project/ROYALTEENPATTI/assets/scripts/tools/enumes.ts.
debug: Resolve ./Appic from file:///E:/Cocos/Project/ROYALTEENPATTI/assets/scripts/tools/NativeJSBridgeIns.ts as file:///E:/Cocos/Project/ROYALTEENPATTI/assets/scripts/tools/Appic.ts.
debug: Resolve file:///E:/Cocos/Project/ROYALTEENPATTI/assets/scripts/tools/RedUtil.ts from cce:/internal/x/prerequisite-imports as file:///E:/Cocos/Project/ROYALTEENPATTI/assets/scripts/tools/RedUtil.ts.
debug: Resolve cc from file:///E:/Cocos/Project/ROYALTEENPATTI/assets/scripts/tools/RedUtil.ts as cce:/internal/x/cc.
debug: Resolve cc from file:///E:/Cocos/Project/ROYALTEENPATTI/assets/scripts/tools/RedUtil.ts as cce:/internal/x/cc.
debug: Resolve cc from file:///E:/Cocos/Project/ROYALTEENPATTI/assets/scripts/tools/RedUtil.ts as cce:/internal/x/cc.
debug: Resolve file:///E:/Cocos/Project/ROYALTEENPATTI/assets/scripts/tools/Until.ts from cce:/internal/x/prerequisite-imports as file:///E:/Cocos/Project/ROYALTEENPATTI/assets/scripts/tools/Until.ts.
debug: Resolve file:///E:/Cocos/Project/ROYALTEENPATTI/assets/scripts/tools/enumes.ts from cce:/internal/x/prerequisite-imports as file:///E:/Cocos/Project/ROYALTEENPATTI/assets/scripts/tools/enumes.ts.
debug: Resolve file:///E:/Cocos/Project/ROYALTEENPATTI/assets/scripts/tools/interface.ts from cce:/internal/x/prerequisite-imports as file:///E:/Cocos/Project/ROYALTEENPATTI/assets/scripts/tools/interface.ts.
debug: Resolve cce:/internal/code-quality/cr.mjs from file:///E:/Cocos/Project/ROYALTEENPATTI/assets/scripts/tools/interface.ts as cce:/internal/code-quality/cr.mjs.
debug: Resolve cc from file:///E:/Cocos/Project/ROYALTEENPATTI/assets/scripts/tools/interface.ts as cce:/internal/x/cc.
debug: Resolve cc from file:///E:/Cocos/Project/ROYALTEENPATTI/assets/scripts/tools/interface.ts as cce:/internal/x/cc.
debug: Target(editor) ends with cost 98.13069999963045ms.
debug: Target(preview) build started.
debug: Detected change: cce:/internal/x/cc. Last mtime: Thu Jan 01 1970 08:00:05 GMT+0800 (中国标准时间), Current mtime: Thu Jan 01 1970 08:00:06 GMT+0800 (中国标准时间)
debug: Inspect cce:/internal/x/cc
debug: Resolve cce:/internal/x/cc-fu/2d from cce:/internal/x/cc as external dependency cce:/internal/x/cc-fu/2d.
debug: Resolve cce:/internal/x/cc-fu/sorting from cce:/internal/x/cc as external dependency cce:/internal/x/cc-fu/sorting.
debug: Resolve cce:/internal/x/cc-fu/animation from cce:/internal/x/cc as external dependency cce:/internal/x/cc-fu/animation.
debug: Resolve cce:/internal/x/cc-fu/audio from cce:/internal/x/cc as external dependency cce:/internal/x/cc-fu/audio.
debug: Resolve cce:/internal/x/cc-fu/base from cce:/internal/x/cc as external dependency cce:/internal/x/cc-fu/base.
debug: Resolve cce:/internal/x/cc-fu/dragon-bones from cce:/internal/x/cc as external dependency cce:/internal/x/cc-fu/dragon-bones.
debug: Resolve cce:/internal/x/cc-fu/gfx-webgl from cce:/internal/x/cc as external dependency cce:/internal/x/cc-fu/gfx-webgl.
debug: Resolve cce:/internal/x/cc-fu/gfx-webgl2 from cce:/internal/x/cc as external dependency cce:/internal/x/cc-fu/gfx-webgl2.
debug: Resolve cce:/internal/x/cc-fu/intersection-2d from cce:/internal/x/cc as external dependency cce:/internal/x/cc-fu/intersection-2d.
debug: Resolve cce:/internal/x/cc-fu/particle-2d from cce:/internal/x/cc as external dependency cce:/internal/x/cc-fu/particle-2d.
debug: Resolve cce:/internal/x/cc-fu/physics-2d-box2d from cce:/internal/x/cc as external dependency cce:/internal/x/cc-fu/physics-2d-box2d.
debug: Resolve cce:/internal/x/cc-fu/physics-2d-framework from cce:/internal/x/cc as external dependency cce:/internal/x/cc-fu/physics-2d-framework.
debug: Resolve cce:/internal/x/cc-fu/profiler from cce:/internal/x/cc as external dependency cce:/internal/x/cc-fu/profiler.
debug: Resolve cce:/internal/x/cc-fu/spine from cce:/internal/x/cc as external dependency cce:/internal/x/cc-fu/spine.
debug: Resolve cce:/internal/x/cc-fu/tiled-map from cce:/internal/x/cc as external dependency cce:/internal/x/cc-fu/tiled-map.
debug: Resolve cce:/internal/x/cc-fu/tween from cce:/internal/x/cc as external dependency cce:/internal/x/cc-fu/tween.
debug: Resolve cce:/internal/x/cc-fu/ui from cce:/internal/x/cc as external dependency cce:/internal/x/cc-fu/ui.
debug: Resolve cce:/internal/x/cc-fu/video from cce:/internal/x/cc as external dependency cce:/internal/x/cc-fu/video.
debug: Resolve cce:/internal/x/cc-fu/webview from cce:/internal/x/cc as external dependency cce:/internal/x/cc-fu/webview.
debug: Detected change: cce:/internal/x/prerequisite-imports. Last mtime: Thu Jan 01 1970 10:22:16 GMT+0800 (中国标准时间), Current mtime: Thu Jan 01 1970 08:00:06 GMT+0800 (中国标准时间)
debug: Inspect cce:/internal/x/prerequisite-imports
debug: Resolve file:///D:/AppData/cocos/editors/Creator/Creator/3.7.4/resources/resources/3d/engine/editor/assets/tools/debug-view-runtime-control.ts from cce:/internal/x/prerequisite-imports as file:///D:/AppData/cocos/editors/Creator/Creator/3.7.4/resources/resources/3d/engine/editor/assets/tools/debug-view-runtime-control.ts.
debug: Resolve cc from file:///D:/AppData/cocos/editors/Creator/Creator/3.7.4/resources/resources/3d/engine/editor/assets/tools/debug-view-runtime-control.ts as cce:/internal/x/cc.
debug: Resolve cc from file:///D:/AppData/cocos/editors/Creator/Creator/3.7.4/resources/resources/3d/engine/editor/assets/tools/debug-view-runtime-control.ts as cce:/internal/x/cc.
debug: Resolve cc from file:///D:/AppData/cocos/editors/Creator/Creator/3.7.4/resources/resources/3d/engine/editor/assets/tools/debug-view-runtime-control.ts as cce:/internal/x/cc.
debug: Resolve file:///E:/Cocos/Project/ROYALTEENPATTI/assets/scripts/bases/Singleton.ts from cce:/internal/x/prerequisite-imports as file:///E:/Cocos/Project/ROYALTEENPATTI/assets/scripts/bases/Singleton.ts.
debug: Resolve cc from file:///E:/Cocos/Project/ROYALTEENPATTI/assets/scripts/bases/Singleton.ts as cce:/internal/x/cc.
debug: Resolve file:///E:/Cocos/Project/ROYALTEENPATTI/assets/scripts/commons/uiComponent/RecycleScroll.ts from cce:/internal/x/prerequisite-imports as file:///E:/Cocos/Project/ROYALTEENPATTI/assets/scripts/commons/uiComponent/RecycleScroll.ts.
debug: Resolve cc from file:///E:/Cocos/Project/ROYALTEENPATTI/assets/scripts/commons/uiComponent/RecycleScroll.ts as cce:/internal/x/cc.
debug: Resolve cc from file:///E:/Cocos/Project/ROYALTEENPATTI/assets/scripts/commons/uiComponent/RecycleScroll.ts as cce:/internal/x/cc.
debug: Resolve cc from file:///E:/Cocos/Project/ROYALTEENPATTI/assets/scripts/commons/uiComponent/RecycleScroll.ts as cce:/internal/x/cc.
debug: Resolve file:///E:/Cocos/Project/ROYALTEENPATTI/assets/scripts/manages/AudioMgr.ts from cce:/internal/x/prerequisite-imports as file:///E:/Cocos/Project/ROYALTEENPATTI/assets/scripts/manages/AudioMgr.ts.
debug: Resolve cce:/internal/code-quality/cr.mjs from file:///E:/Cocos/Project/ROYALTEENPATTI/assets/scripts/manages/AudioMgr.ts as cce:/internal/code-quality/cr.mjs.
debug: Detected change: cce:/internal/code-quality/cr.mjs. Last mtime: Mon Nov 20 2023 16:13:55 GMT+0800 (中国标准时间), Current mtime: Tue Nov 21 2023 12:01:40 GMT+0800 (中国标准时间)
debug: Inspect cce:/internal/code-quality/cr.mjs
debug: Resolve cc from file:///E:/Cocos/Project/ROYALTEENPATTI/assets/scripts/manages/AudioMgr.ts as cce:/internal/x/cc.
debug: Resolve cc from file:///E:/Cocos/Project/ROYALTEENPATTI/assets/scripts/manages/AudioMgr.ts as cce:/internal/x/cc.
debug: Resolve cc from file:///E:/Cocos/Project/ROYALTEENPATTI/assets/scripts/manages/AudioMgr.ts as cce:/internal/x/cc.
debug: Resolve ../bases/Singleton from file:///E:/Cocos/Project/ROYALTEENPATTI/assets/scripts/manages/AudioMgr.ts as file:///E:/Cocos/Project/ROYALTEENPATTI/assets/scripts/bases/Singleton.ts.
debug: Resolve ../tools/Appic from file:///E:/Cocos/Project/ROYALTEENPATTI/assets/scripts/manages/AudioMgr.ts as file:///E:/Cocos/Project/ROYALTEENPATTI/assets/scripts/tools/Appic.ts.
debug: Resolve cce:/internal/code-quality/cr.mjs from file:///E:/Cocos/Project/ROYALTEENPATTI/assets/scripts/tools/Appic.ts as cce:/internal/code-quality/cr.mjs.
debug: Resolve cc from file:///E:/Cocos/Project/ROYALTEENPATTI/assets/scripts/tools/Appic.ts as cce:/internal/x/cc.
debug: Resolve ../manages/DynamicAssetMgr from file:///E:/Cocos/Project/ROYALTEENPATTI/assets/scripts/tools/Appic.ts as file:///E:/Cocos/Project/ROYALTEENPATTI/assets/scripts/manages/DynamicAssetMgr.ts.
debug: Resolve cce:/internal/code-quality/cr.mjs from file:///E:/Cocos/Project/ROYALTEENPATTI/assets/scripts/manages/DynamicAssetMgr.ts as cce:/internal/code-quality/cr.mjs.
debug: Resolve cc from file:///E:/Cocos/Project/ROYALTEENPATTI/assets/scripts/manages/DynamicAssetMgr.ts as cce:/internal/x/cc.
debug: Resolve cc from file:///E:/Cocos/Project/ROYALTEENPATTI/assets/scripts/manages/DynamicAssetMgr.ts as cce:/internal/x/cc.
debug: Resolve cc from file:///E:/Cocos/Project/ROYALTEENPATTI/assets/scripts/manages/DynamicAssetMgr.ts as cce:/internal/x/cc.
debug: Resolve ../bases/Singleton from file:///E:/Cocos/Project/ROYALTEENPATTI/assets/scripts/manages/DynamicAssetMgr.ts as file:///E:/Cocos/Project/ROYALTEENPATTI/assets/scripts/bases/Singleton.ts.
debug: Resolve ../manages/GameMgr from file:///E:/Cocos/Project/ROYALTEENPATTI/assets/scripts/tools/Appic.ts as file:///E:/Cocos/Project/ROYALTEENPATTI/assets/scripts/manages/GameMgr.ts.
debug: Resolve cce:/internal/code-quality/cr.mjs from file:///E:/Cocos/Project/ROYALTEENPATTI/assets/scripts/manages/GameMgr.ts as cce:/internal/code-quality/cr.mjs.
debug: Resolve cc from file:///E:/Cocos/Project/ROYALTEENPATTI/assets/scripts/manages/GameMgr.ts as cce:/internal/x/cc.
debug: Resolve cc from file:///E:/Cocos/Project/ROYALTEENPATTI/assets/scripts/manages/GameMgr.ts as cce:/internal/x/cc.
debug: Resolve cc from file:///E:/Cocos/Project/ROYALTEENPATTI/assets/scripts/manages/GameMgr.ts as cce:/internal/x/cc.
debug: Resolve ../bases/Singleton from file:///E:/Cocos/Project/ROYALTEENPATTI/assets/scripts/manages/GameMgr.ts as file:///E:/Cocos/Project/ROYALTEENPATTI/assets/scripts/bases/Singleton.ts.
debug: Resolve ../tools/Appic from file:///E:/Cocos/Project/ROYALTEENPATTI/assets/scripts/manages/GameMgr.ts as file:///E:/Cocos/Project/ROYALTEENPATTI/assets/scripts/tools/Appic.ts.
debug: Resolve ./AudioMgr from file:///E:/Cocos/Project/ROYALTEENPATTI/assets/scripts/manages/GameMgr.ts as file:///E:/Cocos/Project/ROYALTEENPATTI/assets/scripts/manages/AudioMgr.ts.
debug: Resolve ../tools/enumes from file:///E:/Cocos/Project/ROYALTEENPATTI/assets/scripts/manages/GameMgr.ts as file:///E:/Cocos/Project/ROYALTEENPATTI/assets/scripts/tools/enumes.ts.
debug: Resolve cc from file:///E:/Cocos/Project/ROYALTEENPATTI/assets/scripts/tools/enumes.ts as cce:/internal/x/cc.
debug: Resolve ../tools/Until from file:///E:/Cocos/Project/ROYALTEENPATTI/assets/scripts/manages/GameMgr.ts as file:///E:/Cocos/Project/ROYALTEENPATTI/assets/scripts/tools/Until.ts.
debug: Resolve cc from file:///E:/Cocos/Project/ROYALTEENPATTI/assets/scripts/tools/Until.ts as cce:/internal/x/cc.
debug: Resolve cc from file:///E:/Cocos/Project/ROYALTEENPATTI/assets/scripts/tools/Until.ts as cce:/internal/x/cc.
debug: Resolve cc from file:///E:/Cocos/Project/ROYALTEENPATTI/assets/scripts/tools/Until.ts as cce:/internal/x/cc.
debug: Resolve ./EveMgr from file:///E:/Cocos/Project/ROYALTEENPATTI/assets/scripts/manages/GameMgr.ts as file:///E:/Cocos/Project/ROYALTEENPATTI/assets/scripts/manages/EveMgr.ts.
debug: Resolve cc from file:///E:/Cocos/Project/ROYALTEENPATTI/assets/scripts/manages/EveMgr.ts as cce:/internal/x/cc.
debug: Resolve cc from file:///E:/Cocos/Project/ROYALTEENPATTI/assets/scripts/manages/EveMgr.ts as cce:/internal/x/cc.
debug: Resolve cc from file:///E:/Cocos/Project/ROYALTEENPATTI/assets/scripts/manages/EveMgr.ts as cce:/internal/x/cc.
debug: Resolve ../manages/ResMgr from file:///E:/Cocos/Project/ROYALTEENPATTI/assets/scripts/tools/Appic.ts as file:///E:/Cocos/Project/ROYALTEENPATTI/assets/scripts/manages/ResMgr.ts.
debug: Resolve cce:/internal/code-quality/cr.mjs from file:///E:/Cocos/Project/ROYALTEENPATTI/assets/scripts/manages/ResMgr.ts as cce:/internal/code-quality/cr.mjs.
debug: Resolve cc from file:///E:/Cocos/Project/ROYALTEENPATTI/assets/scripts/manages/ResMgr.ts as cce:/internal/x/cc.
debug: Resolve cc from file:///E:/Cocos/Project/ROYALTEENPATTI/assets/scripts/manages/ResMgr.ts as cce:/internal/x/cc.
debug: Resolve cc from file:///E:/Cocos/Project/ROYALTEENPATTI/assets/scripts/manages/ResMgr.ts as cce:/internal/x/cc.
debug: Resolve ../bases/Singleton from file:///E:/Cocos/Project/ROYALTEENPATTI/assets/scripts/manages/ResMgr.ts as file:///E:/Cocos/Project/ROYALTEENPATTI/assets/scripts/bases/Singleton.ts.
debug: Resolve file:///E:/Cocos/Project/ROYALTEENPATTI/assets/scripts/manages/DynamicAssetMgr.ts from cce:/internal/x/prerequisite-imports as file:///E:/Cocos/Project/ROYALTEENPATTI/assets/scripts/manages/DynamicAssetMgr.ts.
debug: Resolve file:///E:/Cocos/Project/ROYALTEENPATTI/assets/scripts/manages/EveMgr.ts from cce:/internal/x/prerequisite-imports as file:///E:/Cocos/Project/ROYALTEENPATTI/assets/scripts/manages/EveMgr.ts.
debug: Resolve file:///E:/Cocos/Project/ROYALTEENPATTI/assets/scripts/manages/GameMgr.ts from cce:/internal/x/prerequisite-imports as file:///E:/Cocos/Project/ROYALTEENPATTI/assets/scripts/manages/GameMgr.ts.
debug: Resolve file:///E:/Cocos/Project/ROYALTEENPATTI/assets/scripts/manages/ResMgr.ts from cce:/internal/x/prerequisite-imports as file:///E:/Cocos/Project/ROYALTEENPATTI/assets/scripts/manages/ResMgr.ts.
debug: Resolve file:///E:/Cocos/Project/ROYALTEENPATTI/assets/scripts/module/Hall/ScrollItem.ts from cce:/internal/x/prerequisite-imports as file:///E:/Cocos/Project/ROYALTEENPATTI/assets/scripts/module/Hall/ScrollItem.ts.
debug: Resolve cc from file:///E:/Cocos/Project/ROYALTEENPATTI/assets/scripts/module/Hall/ScrollItem.ts as cce:/internal/x/cc.
debug: Resolve cc from file:///E:/Cocos/Project/ROYALTEENPATTI/assets/scripts/module/Hall/ScrollItem.ts as cce:/internal/x/cc.
debug: Resolve cc from file:///E:/Cocos/Project/ROYALTEENPATTI/assets/scripts/module/Hall/ScrollItem.ts as cce:/internal/x/cc.
debug: Resolve file:///E:/Cocos/Project/ROYALTEENPATTI/assets/scripts/module/HallScene.ts from cce:/internal/x/prerequisite-imports as file:///E:/Cocos/Project/ROYALTEENPATTI/assets/scripts/module/HallScene.ts.
debug: Resolve cce:/internal/code-quality/cr.mjs from file:///E:/Cocos/Project/ROYALTEENPATTI/assets/scripts/module/HallScene.ts as cce:/internal/code-quality/cr.mjs.
debug: Resolve cc from file:///E:/Cocos/Project/ROYALTEENPATTI/assets/scripts/module/HallScene.ts as cce:/internal/x/cc.
debug: Resolve cc from file:///E:/Cocos/Project/ROYALTEENPATTI/assets/scripts/module/HallScene.ts as cce:/internal/x/cc.
debug: Resolve cc from file:///E:/Cocos/Project/ROYALTEENPATTI/assets/scripts/module/HallScene.ts as cce:/internal/x/cc.
debug: Resolve ../tools/Appic from file:///E:/Cocos/Project/ROYALTEENPATTI/assets/scripts/module/HallScene.ts as file:///E:/Cocos/Project/ROYALTEENPATTI/assets/scripts/tools/Appic.ts.
debug: Resolve ../tools/Until from file:///E:/Cocos/Project/ROYALTEENPATTI/assets/scripts/module/HallScene.ts as file:///E:/Cocos/Project/ROYALTEENPATTI/assets/scripts/tools/Until.ts.
debug: Resolve ../manages/GameMgr from file:///E:/Cocos/Project/ROYALTEENPATTI/assets/scripts/module/HallScene.ts as file:///E:/Cocos/Project/ROYALTEENPATTI/assets/scripts/manages/GameMgr.ts.
debug: Resolve file:///E:/Cocos/Project/ROYALTEENPATTI/assets/scripts/module/LoginScene.ts from cce:/internal/x/prerequisite-imports as file:///E:/Cocos/Project/ROYALTEENPATTI/assets/scripts/module/LoginScene.ts.
debug: Resolve cce:/internal/code-quality/cr.mjs from file:///E:/Cocos/Project/ROYALTEENPATTI/assets/scripts/module/LoginScene.ts as cce:/internal/code-quality/cr.mjs.
debug: Resolve cc from file:///E:/Cocos/Project/ROYALTEENPATTI/assets/scripts/module/LoginScene.ts as cce:/internal/x/cc.
debug: Resolve cc from file:///E:/Cocos/Project/ROYALTEENPATTI/assets/scripts/module/LoginScene.ts as cce:/internal/x/cc.
debug: Resolve cc from file:///E:/Cocos/Project/ROYALTEENPATTI/assets/scripts/module/LoginScene.ts as cce:/internal/x/cc.
debug: Resolve ../tools/Appic from file:///E:/Cocos/Project/ROYALTEENPATTI/assets/scripts/module/LoginScene.ts as file:///E:/Cocos/Project/ROYALTEENPATTI/assets/scripts/tools/Appic.ts.
debug: Resolve ../manages/AudioMgr from file:///E:/Cocos/Project/ROYALTEENPATTI/assets/scripts/module/LoginScene.ts as file:///E:/Cocos/Project/ROYALTEENPATTI/assets/scripts/manages/AudioMgr.ts.
debug: Resolve ../tools/enumes from file:///E:/Cocos/Project/ROYALTEENPATTI/assets/scripts/module/LoginScene.ts as file:///E:/Cocos/Project/ROYALTEENPATTI/assets/scripts/tools/enumes.ts.
debug: Resolve ../manages/EveMgr from file:///E:/Cocos/Project/ROYALTEENPATTI/assets/scripts/module/LoginScene.ts as file:///E:/Cocos/Project/ROYALTEENPATTI/assets/scripts/manages/EveMgr.ts.
debug: Resolve file:///E:/Cocos/Project/ROYALTEENPATTI/assets/scripts/tools/Appic.ts from cce:/internal/x/prerequisite-imports as file:///E:/Cocos/Project/ROYALTEENPATTI/assets/scripts/tools/Appic.ts.
debug: Resolve file:///E:/Cocos/Project/ROYALTEENPATTI/assets/scripts/tools/NativeJSBridgeIns.ts from cce:/internal/x/prerequisite-imports as file:///E:/Cocos/Project/ROYALTEENPATTI/assets/scripts/tools/NativeJSBridgeIns.ts.
debug: Resolve cce:/internal/code-quality/cr.mjs from file:///E:/Cocos/Project/ROYALTEENPATTI/assets/scripts/tools/NativeJSBridgeIns.ts as cce:/internal/code-quality/cr.mjs.
debug: Resolve cc from file:///E:/Cocos/Project/ROYALTEENPATTI/assets/scripts/tools/NativeJSBridgeIns.ts as cce:/internal/x/cc.
debug: Resolve cc from file:///E:/Cocos/Project/ROYALTEENPATTI/assets/scripts/tools/NativeJSBridgeIns.ts as cce:/internal/x/cc.
debug: Resolve cc from file:///E:/Cocos/Project/ROYALTEENPATTI/assets/scripts/tools/NativeJSBridgeIns.ts as cce:/internal/x/cc.
debug: Resolve ../manages/EveMgr from file:///E:/Cocos/Project/ROYALTEENPATTI/assets/scripts/tools/NativeJSBridgeIns.ts as file:///E:/Cocos/Project/ROYALTEENPATTI/assets/scripts/manages/EveMgr.ts.
debug: Resolve ./enumes from file:///E:/Cocos/Project/ROYALTEENPATTI/assets/scripts/tools/NativeJSBridgeIns.ts as file:///E:/Cocos/Project/ROYALTEENPATTI/assets/scripts/tools/enumes.ts.
debug: Resolve ./Appic from file:///E:/Cocos/Project/ROYALTEENPATTI/assets/scripts/tools/NativeJSBridgeIns.ts as file:///E:/Cocos/Project/ROYALTEENPATTI/assets/scripts/tools/Appic.ts.
debug: Resolve file:///E:/Cocos/Project/ROYALTEENPATTI/assets/scripts/tools/RedUtil.ts from cce:/internal/x/prerequisite-imports as file:///E:/Cocos/Project/ROYALTEENPATTI/assets/scripts/tools/RedUtil.ts.
debug: Resolve cc from file:///E:/Cocos/Project/ROYALTEENPATTI/assets/scripts/tools/RedUtil.ts as cce:/internal/x/cc.
debug: Resolve cc from file:///E:/Cocos/Project/ROYALTEENPATTI/assets/scripts/tools/RedUtil.ts as cce:/internal/x/cc.
debug: Resolve cc from file:///E:/Cocos/Project/ROYALTEENPATTI/assets/scripts/tools/RedUtil.ts as cce:/internal/x/cc.
debug: Resolve file:///E:/Cocos/Project/ROYALTEENPATTI/assets/scripts/tools/Until.ts from cce:/internal/x/prerequisite-imports as file:///E:/Cocos/Project/ROYALTEENPATTI/assets/scripts/tools/Until.ts.
debug: Resolve file:///E:/Cocos/Project/ROYALTEENPATTI/assets/scripts/tools/enumes.ts from cce:/internal/x/prerequisite-imports as file:///E:/Cocos/Project/ROYALTEENPATTI/assets/scripts/tools/enumes.ts.
debug: Resolve file:///E:/Cocos/Project/ROYALTEENPATTI/assets/scripts/tools/interface.ts from cce:/internal/x/prerequisite-imports as file:///E:/Cocos/Project/ROYALTEENPATTI/assets/scripts/tools/interface.ts.
debug: Resolve cce:/internal/code-quality/cr.mjs from file:///E:/Cocos/Project/ROYALTEENPATTI/assets/scripts/tools/interface.ts as cce:/internal/code-quality/cr.mjs.
debug: Resolve cc from file:///E:/Cocos/Project/ROYALTEENPATTI/assets/scripts/tools/interface.ts as cce:/internal/x/cc.
debug: Resolve cc from file:///E:/Cocos/Project/ROYALTEENPATTI/assets/scripts/tools/interface.ts as cce:/internal/x/cc.
debug: Target(preview) ends with cost 93.15029999986291ms.
debug: Pulling asset-db.
debug: Fetch asset-db cost: 1346.0939000006765ms.
debug: Build iteration starts.
Number of accumulated asset changes: 17
Feature changed: false
debug: Target(editor) build started.
debug: Detected change: cce:/internal/x/prerequisite-imports. Last mtime: Thu Jan 01 1970 08:00:06 GMT+0800 (中国标准时间), Current mtime: Thu Jan 01 1970 08:00:09 GMT+0800 (中国标准时间)
debug: Inspect cce:/internal/x/prerequisite-imports
debug: Resolve file:///D:/AppData/cocos/editors/Creator/Creator/3.7.4/resources/resources/3d/engine/editor/assets/tools/debug-view-runtime-control.ts from cce:/internal/x/prerequisite-imports as file:///D:/AppData/cocos/editors/Creator/Creator/3.7.4/resources/resources/3d/engine/editor/assets/tools/debug-view-runtime-control.ts.
debug: Resolve file:///E:/Cocos/Project/ROYALTEENPATTI/assets/scripts/bases/Singleton.ts from cce:/internal/x/prerequisite-imports as file:///E:/Cocos/Project/ROYALTEENPATTI/assets/scripts/bases/Singleton.ts.
debug: Resolve file:///E:/Cocos/Project/ROYALTEENPATTI/assets/scripts/commons/uiComponent/RecycleScroll.ts from cce:/internal/x/prerequisite-imports as file:///E:/Cocos/Project/ROYALTEENPATTI/assets/scripts/commons/uiComponent/RecycleScroll.ts.
debug: Resolve file:///E:/Cocos/Project/ROYALTEENPATTI/assets/scripts/manages/AudioMgr.ts from cce:/internal/x/prerequisite-imports as file:///E:/Cocos/Project/ROYALTEENPATTI/assets/scripts/manages/AudioMgr.ts.
debug: Resolve file:///E:/Cocos/Project/ROYALTEENPATTI/assets/scripts/manages/DynamicAssetMgr.ts from cce:/internal/x/prerequisite-imports as file:///E:/Cocos/Project/ROYALTEENPATTI/assets/scripts/manages/DynamicAssetMgr.ts.
debug: Resolve file:///E:/Cocos/Project/ROYALTEENPATTI/assets/scripts/manages/EveMgr.ts from cce:/internal/x/prerequisite-imports as file:///E:/Cocos/Project/ROYALTEENPATTI/assets/scripts/manages/EveMgr.ts.
debug: Resolve file:///E:/Cocos/Project/ROYALTEENPATTI/assets/scripts/manages/GameMgr.ts from cce:/internal/x/prerequisite-imports as file:///E:/Cocos/Project/ROYALTEENPATTI/assets/scripts/manages/GameMgr.ts.
debug: Resolve file:///E:/Cocos/Project/ROYALTEENPATTI/assets/scripts/manages/ResMgr.ts from cce:/internal/x/prerequisite-imports as file:///E:/Cocos/Project/ROYALTEENPATTI/assets/scripts/manages/ResMgr.ts.
debug: Resolve file:///E:/Cocos/Project/ROYALTEENPATTI/assets/scripts/module/Hall/ScrollItem.ts from cce:/internal/x/prerequisite-imports as file:///E:/Cocos/Project/ROYALTEENPATTI/assets/scripts/module/Hall/ScrollItem.ts.
debug: Resolve file:///E:/Cocos/Project/ROYALTEENPATTI/assets/scripts/module/HallScene.ts from cce:/internal/x/prerequisite-imports as file:///E:/Cocos/Project/ROYALTEENPATTI/assets/scripts/module/HallScene.ts.
debug: Resolve file:///E:/Cocos/Project/ROYALTEENPATTI/assets/scripts/module/LoginScene.ts from cce:/internal/x/prerequisite-imports as file:///E:/Cocos/Project/ROYALTEENPATTI/assets/scripts/module/LoginScene.ts.
debug: Resolve file:///E:/Cocos/Project/ROYALTEENPATTI/assets/scripts/tools/Appic.ts from cce:/internal/x/prerequisite-imports as file:///E:/Cocos/Project/ROYALTEENPATTI/assets/scripts/tools/Appic.ts.
debug: Resolve file:///E:/Cocos/Project/ROYALTEENPATTI/assets/scripts/tools/NativeJSBridgeIns.ts from cce:/internal/x/prerequisite-imports as file:///E:/Cocos/Project/ROYALTEENPATTI/assets/scripts/tools/NativeJSBridgeIns.ts.
debug: Resolve file:///E:/Cocos/Project/ROYALTEENPATTI/assets/scripts/tools/RedUtil.ts from cce:/internal/x/prerequisite-imports as file:///E:/Cocos/Project/ROYALTEENPATTI/assets/scripts/tools/RedUtil.ts.
debug: Resolve file:///E:/Cocos/Project/ROYALTEENPATTI/assets/scripts/tools/Until.ts from cce:/internal/x/prerequisite-imports as file:///E:/Cocos/Project/ROYALTEENPATTI/assets/scripts/tools/Until.ts.
debug: Resolve file:///E:/Cocos/Project/ROYALTEENPATTI/assets/scripts/tools/enumes.ts from cce:/internal/x/prerequisite-imports as file:///E:/Cocos/Project/ROYALTEENPATTI/assets/scripts/tools/enumes.ts.
debug: Resolve file:///E:/Cocos/Project/ROYALTEENPATTI/assets/scripts/tools/interface.ts from cce:/internal/x/prerequisite-imports as file:///E:/Cocos/Project/ROYALTEENPATTI/assets/scripts/tools/interface.ts.
debug: Target(editor) ends with cost 70.3880999982357ms.
debug: Target(preview) build started.
debug: Detected change: cce:/internal/x/prerequisite-imports. Last mtime: Thu Jan 01 1970 08:00:06 GMT+0800 (中国标准时间), Current mtime: Thu Jan 01 1970 08:00:09 GMT+0800 (中国标准时间)
debug: Inspect cce:/internal/x/prerequisite-imports
debug: Resolve file:///D:/AppData/cocos/editors/Creator/Creator/3.7.4/resources/resources/3d/engine/editor/assets/tools/debug-view-runtime-control.ts from cce:/internal/x/prerequisite-imports as file:///D:/AppData/cocos/editors/Creator/Creator/3.7.4/resources/resources/3d/engine/editor/assets/tools/debug-view-runtime-control.ts.
debug: Resolve file:///E:/Cocos/Project/ROYALTEENPATTI/assets/scripts/bases/Singleton.ts from cce:/internal/x/prerequisite-imports as file:///E:/Cocos/Project/ROYALTEENPATTI/assets/scripts/bases/Singleton.ts.
debug: Resolve file:///E:/Cocos/Project/ROYALTEENPATTI/assets/scripts/commons/uiComponent/RecycleScroll.ts from cce:/internal/x/prerequisite-imports as file:///E:/Cocos/Project/ROYALTEENPATTI/assets/scripts/commons/uiComponent/RecycleScroll.ts.
debug: Resolve file:///E:/Cocos/Project/ROYALTEENPATTI/assets/scripts/manages/AudioMgr.ts from cce:/internal/x/prerequisite-imports as file:///E:/Cocos/Project/ROYALTEENPATTI/assets/scripts/manages/AudioMgr.ts.
debug: Resolve file:///E:/Cocos/Project/ROYALTEENPATTI/assets/scripts/manages/DynamicAssetMgr.ts from cce:/internal/x/prerequisite-imports as file:///E:/Cocos/Project/ROYALTEENPATTI/assets/scripts/manages/DynamicAssetMgr.ts.
debug: Resolve file:///E:/Cocos/Project/ROYALTEENPATTI/assets/scripts/manages/EveMgr.ts from cce:/internal/x/prerequisite-imports as file:///E:/Cocos/Project/ROYALTEENPATTI/assets/scripts/manages/EveMgr.ts.
debug: Resolve file:///E:/Cocos/Project/ROYALTEENPATTI/assets/scripts/manages/GameMgr.ts from cce:/internal/x/prerequisite-imports as file:///E:/Cocos/Project/ROYALTEENPATTI/assets/scripts/manages/GameMgr.ts.
debug: Resolve file:///E:/Cocos/Project/ROYALTEENPATTI/assets/scripts/manages/ResMgr.ts from cce:/internal/x/prerequisite-imports as file:///E:/Cocos/Project/ROYALTEENPATTI/assets/scripts/manages/ResMgr.ts.
debug: Resolve file:///E:/Cocos/Project/ROYALTEENPATTI/assets/scripts/module/Hall/ScrollItem.ts from cce:/internal/x/prerequisite-imports as file:///E:/Cocos/Project/ROYALTEENPATTI/assets/scripts/module/Hall/ScrollItem.ts.
debug: Resolve file:///E:/Cocos/Project/ROYALTEENPATTI/assets/scripts/module/HallScene.ts from cce:/internal/x/prerequisite-imports as file:///E:/Cocos/Project/ROYALTEENPATTI/assets/scripts/module/HallScene.ts.
debug: Resolve file:///E:/Cocos/Project/ROYALTEENPATTI/assets/scripts/module/LoginScene.ts from cce:/internal/x/prerequisite-imports as file:///E:/Cocos/Project/ROYALTEENPATTI/assets/scripts/module/LoginScene.ts.
debug: Resolve file:///E:/Cocos/Project/ROYALTEENPATTI/assets/scripts/tools/Appic.ts from cce:/internal/x/prerequisite-imports as file:///E:/Cocos/Project/ROYALTEENPATTI/assets/scripts/tools/Appic.ts.
debug: Resolve file:///E:/Cocos/Project/ROYALTEENPATTI/assets/scripts/tools/NativeJSBridgeIns.ts from cce:/internal/x/prerequisite-imports as file:///E:/Cocos/Project/ROYALTEENPATTI/assets/scripts/tools/NativeJSBridgeIns.ts.
debug: Resolve file:///E:/Cocos/Project/ROYALTEENPATTI/assets/scripts/tools/RedUtil.ts from cce:/internal/x/prerequisite-imports as file:///E:/Cocos/Project/ROYALTEENPATTI/assets/scripts/tools/RedUtil.ts.
debug: Resolve file:///E:/Cocos/Project/ROYALTEENPATTI/assets/scripts/tools/Until.ts from cce:/internal/x/prerequisite-imports as file:///E:/Cocos/Project/ROYALTEENPATTI/assets/scripts/tools/Until.ts.
debug: Resolve file:///E:/Cocos/Project/ROYALTEENPATTI/assets/scripts/tools/enumes.ts from cce:/internal/x/prerequisite-imports as file:///E:/Cocos/Project/ROYALTEENPATTI/assets/scripts/tools/enumes.ts.
debug: Resolve file:///E:/Cocos/Project/ROYALTEENPATTI/assets/scripts/tools/interface.ts from cce:/internal/x/prerequisite-imports as file:///E:/Cocos/Project/ROYALTEENPATTI/assets/scripts/tools/interface.ts.
debug: Target(preview) ends with cost 28.046600000932813ms.
