2023-11-21 12:01:44-debug: asset-db:worker-init (951ms)
2023-11-21 12:01:44-debug: Preimport db internal success
2023-11-21 12:01:44-debug: Preimport db assets success
2023-11-21 12:01:45-debug: asset-db:worker-effect-data-processing (496ms)
2023-11-21 12:01:48-debug: Set detail map pack:///resolution-detail-map.json: {}
2023-11-21 12:01:48-debug: Start up the 'internal' database...
2023-11-21 12:01:48-debug: asset-db:worker-init-script (90ms)
2023-11-21 12:01:48-debug: start asset-db with asset: 419
2023-11-21 12:01:48-debug: Start up the 'assets' database...
2023-11-21 12:01:48-debug: asset-db:worker-startup-database[internal] (4185ms)
2023-11-21 12:01:48-debug: start asset-db with asset: 71
2023-11-21 12:01:48-debug: Asset DB is ready!
2023-11-21 12:01:48-debug: asset-db:worker-startup-database[assets] (4231ms)
2023-11-21 12:01:48-debug: init worker message success
2023-11-21 12:01:49-debug: programming:execute-script (1ms)
2023-11-21 12:01:50-debug: builder:worker-init (1333ms)
2023-11-21 12:01:52-debug: programming:execute-script (4ms)
2023-11-21 12:01:56-debug: Query all assets info in project
2023-11-21 12:01:56-debug: init custom config: keepNodeUuid: false, useCache: true
2023-11-21 12:01:56-debug: BuildAssetLibrary query-assets with assets 542
2023-11-21 12:01:56-debug:   Number of other assets: 380
2023-11-21 12:01:56-debug:   Number of all scripts: 17
2023-11-21 12:01:56-debug: 查询 Asset Bundle start0%
2023-11-21 12:01:56-debug: // ---- build task 查询 Asset Bundle ----
2023-11-21 12:01:56-debug:   Number of all scenes: 2
2023-11-21 12:01:56-debug: Process: heapTotal 224.82MB heapUsed 197.54MB rss 556.93MB
2023-11-21 12:01:56-debug: // ---- build task 查询 Asset Bundle ---- (4ms)
2023-11-21 12:01:56-debug: run build task 查询 Asset Bundle success in 4 ms √3%
2023-11-21 12:01:56-debug: 查询使用的资源以及资源包配置 start3%
2023-11-21 12:01:56-debug: // ---- build task 查询使用的资源以及资源包配置 ----
2023-11-21 12:01:56-debug: Process: heapTotal 224.82MB heapUsed 199.42MB rss 556.94MB
2023-11-21 12:01:56-debug: init bundle assets
2023-11-21 12:01:56-debug: Query preload assets from cc.config.json: 60f7195c-ec2a-45eb-ba94-8955f60e81d0,1c02ae6f-4492-4915-b8f8-7492a3b1e4cd,810e96e4-e456-4468-9b59-f4e8f39732c0,efe8e2a3-eace-427b-b4f1-cb8a937ec77d,e9aa9a3e-5b2b-4ac7-a2c7-073de2b2b24f,8bbdbcdd-5cd4-4100-b6d5-b7c9625b6107,50f4348b-c883-4e2f-8f11-ce233b859fa1,fda095cb-831d-4601-ad94-846013963de8,f92806d7-1768-443f-afe8-12bcde84d0f0,dd3a144d-ab7f-41f0-82b8-2e43a090d496,f0416e68-0200-4b77-a926-4f9d16e494da,ff9be190-20a4-4e48-b68c-76e3c7cff085,970b0598-bcb0-4714-91fb-2e81440dccd8,bcd64cc6-2dd9-43f6-abbe-66318d332032,d930590d-bb92-4cc8-8bd1-23cd027f9edf,a3cd009f-0ab0-420d-9278-b9fdab939bbc,9361fd90-ba52-4f84-aa93-6e878fd576ca,c27215d8-6835-4b68-bfbb-bdeac6100c04,b5d6115f-0370-4d7c-aad3-c194cc71cf98,871c3b6c-7379-419d-bda3-794b239ab90d
2023-11-21 12:01:56-debug: Number of scenes: 2
2023-11-21 12:01:56-debug: // ---- build task 查询使用的资源以及资源包配置 ---- (2ms)
2023-11-21 12:01:56-debug: run build task 查询使用的资源以及资源包配置 success in 2 ms √7%
2023-11-21 12:01:56-debug: 整理脚本分组与脚本数据 start7%
2023-11-21 12:01:56-debug: // ---- build task 整理脚本分组与脚本数据 ----
2023-11-21 12:01:56-debug: Process: heapTotal 224.82MB heapUsed 199.61MB rss 556.98MB
2023-11-21 12:01:56-debug: sort script group...
2023-11-21 12:01:56-debug: // ---- build task 整理脚本分组与脚本数据 ---- (1ms)
2023-11-21 12:01:56-debug: 初始化 settings.json 与 config.json start10%
2023-11-21 12:01:56-debug: // ---- build task 初始化 settings.json 与 config.json ----
2023-11-21 12:01:56-debug: run build task 整理脚本分组与脚本数据 success in 1 ms √10%
2023-11-21 12:01:56-debug: Process: heapTotal 224.82MB heapUsed 199.66MB rss 556.98MB
2023-11-21 12:01:56-debug: // ---- build task 初始化 settings.json 与 config.json ---- (1ms)
2023-11-21 12:01:56-debug: run build task 初始化 settings.json 与 config.json success in 1 ms √11%
2023-11-21 12:01:56-debug: builder.tasks.settings.macro start11%
2023-11-21 12:01:56-debug: builder.tasks.settings.macro 字段未在编辑器多语言内定义
2023-11-21 12:01:56-debug: // ---- build task builder.tasks.settings.macro ----
2023-11-21 12:01:56-debug: Process: heapTotal 224.82MB heapUsed 199.70MB rss 556.98MB
2023-11-21 12:01:56-debug: // ---- build task builder.tasks.settings.macro ---- (1ms)
2023-11-21 12:01:56-debug: run build task builder.tasks.settings.macro success in 1 ms √11%
2023-11-21 12:01:56-debug: 整理部分构建选项内数据到 settings.json start11%
2023-11-21 12:01:56-debug: // ---- build task 整理部分构建选项内数据到 settings.json ----
2023-11-21 12:01:56-debug: Process: heapTotal 224.82MB heapUsed 199.74MB rss 556.98MB
2023-11-21 12:01:56-debug: // ---- build task 整理部分构建选项内数据到 settings.json ---- (17ms)
2023-11-21 12:01:56-debug: run build task 整理部分构建选项内数据到 settings.json success in 17 ms √12%
2023-11-21 12:01:56-debug: custom joint texture layouts start12%
2023-11-21 12:01:56-debug: // ---- build task custom joint texture layouts ----
2023-11-21 12:01:56-debug: Process: heapTotal 225.28MB heapUsed 200.24MB rss 558.27MB
2023-11-21 12:01:56-debug: // ---- build task custom joint texture layouts ---- (1ms)
2023-11-21 12:01:56-debug: run build task custom joint texture layouts success in 1 ms √12%
2023-11-21 12:01:56-debug: // ---- build task custom joint physics ----
2023-11-21 12:01:56-debug: Process: heapTotal 225.28MB heapUsed 200.28MB rss 558.27MB
2023-11-21 12:01:56-debug: custom joint physics start12%
2023-11-21 12:01:56-debug: run build task custom joint physics success in 1 ms √13%
2023-11-21 12:01:56-debug: // ---- build task custom joint physics ---- (1ms)
2023-11-21 12:01:56-debug: Process: heapTotal 225.28MB heapUsed 200.31MB rss 558.27MB
2023-11-21 12:01:56-debug: 填充脚本数据到 settings.json start13%
2023-11-21 12:01:56-debug: // ---- build task 填充脚本数据到 settings.json ----
2023-11-21 12:01:56-debug: run build task 填充脚本数据到 settings.json success in 1 ms √13%
2023-11-21 12:01:56-debug: // ---- build task 填充脚本数据到 settings.json ---- (1ms)
2023-11-21 12:01:56-debug: 填充场景数据到 settings.json start13%
2023-11-21 12:01:56-debug: // ---- build task 填充场景数据到 settings.json ----
2023-11-21 12:01:56-debug: Process: heapTotal 225.28MB heapUsed 200.33MB rss 558.28MB
2023-11-21 12:01:56-debug: run build task 填充场景数据到 settings.json success in 0 ms √14%
2023-11-21 12:01:56-debug: // ---- build task 整理资源分组，生成 packedAssets 以及 rawAssets 数据 ----
2023-11-21 12:01:56-debug: 整理资源分组，生成 packedAssets 以及 rawAssets 数据 start14%
2023-11-21 12:01:56-debug: Process: heapTotal 225.28MB heapUsed 200.36MB rss 558.29MB
2023-11-21 12:01:56-debug: // ---- build task 整理资源分组，生成 packedAssets 以及 rawAssets 数据 ---- (1ms)
2023-11-21 12:01:56-debug: run build task 整理资源分组，生成 packedAssets 以及 rawAssets 数据 success in 1 ms √14%
2023-11-21 12:01:56-debug: 从 suffixMap 生成 md5AssetsMap 到 settings.json start14%
2023-11-21 12:01:56-debug: Process: heapTotal 225.28MB heapUsed 200.42MB rss 558.29MB
2023-11-21 12:01:56-debug: // ---- build task 从 suffixMap 生成 md5AssetsMap 到 settings.json ----
2023-11-21 12:01:56-debug: options.md5Cache is false.
2023-11-21 12:01:56-debug: run build task 从 suffixMap 生成 md5AssetsMap 到 settings.json success in 0 ms √15%
2023-11-21 14:07:55-debug: Query all assets info in project
2023-11-21 14:07:55-debug: BuildAssetLibrary query-assets with assets 542
2023-11-21 14:07:55-debug: init custom config: keepNodeUuid: false, useCache: true
2023-11-21 14:07:55-debug:   Number of other assets: 380
2023-11-21 14:07:55-debug:   Number of all scenes: 2
2023-11-21 14:07:55-debug: 查询 Asset Bundle start0%
2023-11-21 14:07:55-debug: // ---- build task 查询 Asset Bundle ----
2023-11-21 14:07:55-debug: Process: heapTotal 198.32MB heapUsed 187.25MB rss 518.88MB
2023-11-21 14:07:55-debug:   Number of all scripts: 17
2023-11-21 14:07:55-debug: // ---- build task 查询 Asset Bundle ---- (13ms)
2023-11-21 14:07:55-debug: // ---- build task 查询使用的资源以及资源包配置 ----
2023-11-21 14:07:55-debug: run build task 查询 Asset Bundle success in 13 ms √3%
2023-11-21 14:07:55-debug: Process: heapTotal 198.32MB heapUsed 187.76MB rss 517.00MB
2023-11-21 14:07:55-debug: 查询使用的资源以及资源包配置 start3%
2023-11-21 14:07:55-debug: init bundle assets
2023-11-21 14:07:55-debug: Number of scenes: 2
2023-11-21 14:07:55-debug: Query preload assets from cc.config.json: 60f7195c-ec2a-45eb-ba94-8955f60e81d0,1c02ae6f-4492-4915-b8f8-7492a3b1e4cd,810e96e4-e456-4468-9b59-f4e8f39732c0,efe8e2a3-eace-427b-b4f1-cb8a937ec77d,e9aa9a3e-5b2b-4ac7-a2c7-073de2b2b24f,8bbdbcdd-5cd4-4100-b6d5-b7c9625b6107,50f4348b-c883-4e2f-8f11-ce233b859fa1,fda095cb-831d-4601-ad94-846013963de8,f92806d7-1768-443f-afe8-12bcde84d0f0,dd3a144d-ab7f-41f0-82b8-2e43a090d496,f0416e68-0200-4b77-a926-4f9d16e494da,ff9be190-20a4-4e48-b68c-76e3c7cff085,970b0598-bcb0-4714-91fb-2e81440dccd8,bcd64cc6-2dd9-43f6-abbe-66318d332032,d930590d-bb92-4cc8-8bd1-23cd027f9edf,a3cd009f-0ab0-420d-9278-b9fdab939bbc,9361fd90-ba52-4f84-aa93-6e878fd576ca,c27215d8-6835-4b68-bfbb-bdeac6100c04,b5d6115f-0370-4d7c-aad3-c194cc71cf98,871c3b6c-7379-419d-bda3-794b239ab90d
2023-11-21 14:07:55-debug: // ---- build task 查询使用的资源以及资源包配置 ---- (4ms)
2023-11-21 14:07:55-debug: 整理脚本分组与脚本数据 start7%
2023-11-21 14:07:55-debug: // ---- build task 整理脚本分组与脚本数据 ----
2023-11-21 14:07:55-debug: run build task 查询使用的资源以及资源包配置 success in 4 ms √7%
2023-11-21 14:07:55-debug: sort script group...
2023-11-21 14:07:55-debug: Process: heapTotal 198.32MB heapUsed 187.23MB rss 516.35MB
2023-11-21 14:07:55-debug: run build task 整理脚本分组与脚本数据 success in 0 ms √10%
2023-11-21 14:07:55-debug: 初始化 settings.json 与 config.json start10%
2023-11-21 14:07:55-debug: Process: heapTotal 198.32MB heapUsed 187.26MB rss 516.39MB
2023-11-21 14:07:55-debug: // ---- build task 初始化 settings.json 与 config.json ----
2023-11-21 14:07:55-debug: builder.tasks.settings.macro 字段未在编辑器多语言内定义
2023-11-21 14:07:55-debug: run build task 初始化 settings.json 与 config.json success in 0 ms √11%
2023-11-21 14:07:55-debug: builder.tasks.settings.macro start11%
2023-11-21 14:07:55-debug: Process: heapTotal 198.32MB heapUsed 187.30MB rss 516.45MB
2023-11-21 14:07:55-debug: // ---- build task builder.tasks.settings.macro ----
2023-11-21 14:07:55-debug: // ---- build task builder.tasks.settings.macro ---- (1ms)
2023-11-21 14:07:55-debug: run build task builder.tasks.settings.macro success in 1 ms √11%
2023-11-21 14:07:55-debug: Process: heapTotal 198.32MB heapUsed 187.33MB rss 516.49MB
2023-11-21 14:07:55-debug: // ---- build task 整理部分构建选项内数据到 settings.json ----
2023-11-21 14:07:55-debug: 整理部分构建选项内数据到 settings.json start11%
2023-11-21 14:07:55-debug: run build task 整理部分构建选项内数据到 settings.json success in 3 ms √12%
2023-11-21 14:07:55-debug: custom joint texture layouts start12%
2023-11-21 14:07:55-debug: // ---- build task custom joint texture layouts ----
2023-11-21 14:07:55-debug: Process: heapTotal 198.78MB heapUsed 187.85MB rss 517.78MB
2023-11-21 14:07:55-debug: // ---- build task 整理部分构建选项内数据到 settings.json ---- (3ms)
2023-11-21 14:07:55-debug: // ---- build task custom joint texture layouts ---- (1ms)
2023-11-21 14:07:55-debug: custom joint physics start12%
2023-11-21 14:07:55-debug: run build task custom joint texture layouts success in 1 ms √12%
2023-11-21 14:07:55-debug: Process: heapTotal 198.78MB heapUsed 187.88MB rss 517.81MB
2023-11-21 14:07:55-debug: // ---- build task custom joint physics ----
2023-11-21 14:07:55-debug: // ---- build task custom joint physics ---- (1ms)
2023-11-21 14:07:55-debug: // ---- build task 填充脚本数据到 settings.json ----
2023-11-21 14:07:55-debug: 填充脚本数据到 settings.json start13%
2023-11-21 14:07:55-debug: Process: heapTotal 198.78MB heapUsed 187.91MB rss 517.85MB
2023-11-21 14:07:55-debug: run build task custom joint physics success in 1 ms √13%
2023-11-21 14:07:55-debug: run build task 填充脚本数据到 settings.json success in 0 ms √13%
2023-11-21 14:07:55-debug: // ---- build task 填充场景数据到 settings.json ----
2023-11-21 14:07:55-debug: 填充场景数据到 settings.json start13%
2023-11-21 14:07:55-debug: Process: heapTotal 198.78MB heapUsed 187.94MB rss 517.88MB
2023-11-21 14:07:55-debug: run build task 填充场景数据到 settings.json success in 0 ms √14%
2023-11-21 14:07:55-debug: 整理资源分组，生成 packedAssets 以及 rawAssets 数据 start14%
2023-11-21 14:07:55-debug: Process: heapTotal 198.78MB heapUsed 187.97MB rss 517.92MB
2023-11-21 14:07:55-debug: // ---- build task 整理资源分组，生成 packedAssets 以及 rawAssets 数据 ----
2023-11-21 14:07:55-debug: // ---- build task 从 suffixMap 生成 md5AssetsMap 到 settings.json ----
2023-11-21 14:07:55-debug: run build task 整理资源分组，生成 packedAssets 以及 rawAssets 数据 success in 0 ms √14%
2023-11-21 14:07:55-debug: options.md5Cache is false.
2023-11-21 14:07:55-debug: 从 suffixMap 生成 md5AssetsMap 到 settings.json start14%
2023-11-21 14:07:55-debug: Process: heapTotal 198.78MB heapUsed 188.01MB rss 517.96MB
2023-11-21 14:07:55-debug: run build task 从 suffixMap 生成 md5AssetsMap 到 settings.json success in 1 ms √15%
2023-11-21 14:07:55-debug: // ---- build task 从 suffixMap 生成 md5AssetsMap 到 settings.json ---- (1ms)
